==========================================
Starting database backups - 20251002_020001
==========================================
[1/5] Backing up PostgreSQL (Docmost)...
  ✓ PostgreSQL backup complete: docmost_20251002_020001.sql.gz
[2/5] Backing up MySQL (Ghost)...
mysqldump: [Warning] Using a password on the command line interface can be insecure.
  ✓ MySQL backup complete: all_databases_20251002_020001.sql.gz
[3/5] Backing up Redis...
  ✓ Redis backup attempted
[4/5] Backing up Docmost data...
  ✓ Docmost data backup complete: data_20251002_020001.tar.gz
[5/5] Backing up LinkStack...
  ✓ LinkStack backup complete: linkstack_20251002_020001.sqlite.gz

Cleaning up backups older than 7 days...

==========================================
Backup Summary
==========================================
  /srv/stack/backups/backup.log: 4.0K
  /srv/stack/backups/docmost: 12K
  /srv/stack/backups/linkstack: 12K
  /srv/stack/backups/mysql: 1.9M
  /srv/stack/backups/postgres: 20K
  /srv/stack/backups/redis: 12K

✓ All backups completed successfully!
Location: /srv/stack/backups
==========================================
==========================================
Starting database backups - 20251003_020001
==========================================
[1/5] Backing up PostgreSQL (Docmost)...
  ✓ PostgreSQL backup complete: docmost_20251003_020001.sql.gz
[2/5] Backing up MySQL (Ghost)...
mysqldump: [Warning] Using a password on the command line interface can be insecure.
  ✓ MySQL backup complete: all_databases_20251003_020001.sql.gz
[3/5] Backing up Redis...
  ✓ Redis backup attempted
[4/5] Backing up Docmost data...
  ✓ Docmost data backup complete: data_20251003_020001.tar.gz
[5/5] Backing up LinkStack...
  ✓ LinkStack backup complete: linkstack_20251003_020001.sqlite.gz

Cleaning up backups older than 7 days...

==========================================
Backup Summary
==========================================
  /srv/stack/backups/backup.log: 4.0K
  /srv/stack/backups/docmost: 16K
  /srv/stack/backups/linkstack: 16K
  /srv/stack/backups/mysql: 2.8M
  /srv/stack/backups/postgres: 108K
  /srv/stack/backups/redis: 16K

✓ All backups completed successfully!
Location: /srv/stack/backups
==========================================
==========================================
Starting database backups - 20251004_020001
==========================================
[1/5] Backing up PostgreSQL (Docmost)...
  ✓ PostgreSQL backup complete: docmost_20251004_020001.sql.gz
[2/5] Backing up MySQL (Ghost)...
mysqldump: [Warning] Using a password on the command line interface can be insecure.
  ✓ MySQL backup complete: all_databases_20251004_020001.sql.gz
[3/5] Backing up Redis...
  ✓ Redis backup attempted
[4/5] Backing up Docmost data...
  ✓ Docmost data backup complete: data_20251004_020001.tar.gz
[5/5] Backing up LinkStack...
  ✓ LinkStack backup complete: linkstack_20251004_020001.sqlite.gz

Cleaning up backups older than 7 days...

==========================================
Backup Summary
==========================================
  /srv/stack/backups/backup.log: 4.0K
  /srv/stack/backups/docmost: 20K
  /srv/stack/backups/linkstack: 20K
  /srv/stack/backups/mysql: 3.7M
  /srv/stack/backups/postgres: 196K
  /srv/stack/backups/redis: 20K

✓ All backups completed successfully!
Location: /srv/stack/backups
==========================================
==========================================
Starting database backups - 20251005_020001
==========================================
[1/5] Backing up PostgreSQL (Docmost)...
  ✓ PostgreSQL backup complete: docmost_20251005_020001.sql.gz
[2/5] Backing up MySQL (Ghost)...
mysqldump: [Warning] Using a password on the command line interface can be insecure.
  ✓ MySQL backup complete: all_databases_20251005_020001.sql.gz
[3/5] Backing up Redis...
  ✓ Redis backup attempted
[4/5] Backing up Docmost data...
  ✓ Docmost data backup complete: data_20251005_020001.tar.gz
[5/5] Backing up LinkStack...
  ✓ LinkStack backup complete: linkstack_20251005_020001.sqlite.gz

Cleaning up backups older than 7 days...

==========================================
Backup Summary
==========================================
  /srv/stack/backups/backup.log: 8.0K
  /srv/stack/backups/docmost: 24K
  /srv/stack/backups/linkstack: 24K
  /srv/stack/backups/mysql: 4.6M
  /srv/stack/backups/postgres: 284K
  /srv/stack/backups/redis: 24K

✓ All backups completed successfully!
Location: /srv/stack/backups
==========================================
==========================================
Starting database backups - 20251006_020001
==========================================
[1/5] Backing up PostgreSQL (Docmost)...
  ✓ PostgreSQL backup complete: docmost_20251006_020001.sql.gz
[2/5] Backing up MySQL (Ghost)...
mysqldump: [Warning] Using a password on the command line interface can be insecure.
  ✓ MySQL backup complete: all_databases_20251006_020001.sql.gz
[3/5] Backing up Redis...
  ✓ Redis backup attempted
[4/5] Backing up Docmost data...
  ✓ Docmost data backup complete: data_20251006_020001.tar.gz
[5/5] Backing up LinkStack...
  ✓ LinkStack backup complete: linkstack_20251006_020001.sqlite.gz

Cleaning up backups older than 7 days...

==========================================
Backup Summary
==========================================
  /srv/stack/backups/backup.log: 8.0K
  /srv/stack/backups/docmost: 28K
  /srv/stack/backups/linkstack: 28K
  /srv/stack/backups/mysql: 5.5M
  /srv/stack/backups/postgres: 664K
  /srv/stack/backups/redis: 32K

✓ All backups completed successfully!
Location: /srv/stack/backups
==========================================
==========================================
Starting database backups - 20251007_020001
==========================================
[1/5] Backing up PostgreSQL (Docmost)...
  ✓ PostgreSQL backup complete: docmost_20251007_020001.sql.gz
[2/5] Backing up MySQL (Ghost)...
mysqldump: [Warning] Using a password on the command line interface can be insecure.
  ✓ MySQL backup complete: all_databases_20251007_020001.sql.gz
[3/5] Backing up Redis...
  ✓ Redis backup attempted
[4/5] Backing up Docmost data...
  ✓ Docmost data backup complete: data_20251007_020001.tar.gz
[5/5] Backing up LinkStack...
  ✓ LinkStack backup complete: linkstack_20251007_020001.sqlite.gz

Cleaning up backups older than 7 days...

==========================================
Backup Summary
==========================================
  /srv/stack/backups/backup.log: 8.0K
  /srv/stack/backups/docmost: 32K
  /srv/stack/backups/linkstack: 32K
  /srv/stack/backups/mysql: 6.4M
  /srv/stack/backups/postgres: 1.1M
  /srv/stack/backups/redis: 40K

✓ All backups completed successfully!
Location: /srv/stack/backups
==========================================
==========================================
Starting database backups - 20251008_020001
==========================================
[1/5] Backing up PostgreSQL (Docmost)...
  ✓ PostgreSQL backup complete: docmost_20251008_020001.sql.gz
[2/5] Backing up MySQL (Ghost)...
mysqldump: [Warning] Using a password on the command line interface can be insecure.
  ✓ MySQL backup complete: all_databases_20251008_020001.sql.gz
[3/5] Backing up Redis...
  ✓ Redis backup attempted
[4/5] Backing up Docmost data...
  ✓ Docmost data backup complete: data_20251008_020001.tar.gz
[5/5] Backing up LinkStack...
  ✓ LinkStack backup complete: linkstack_20251008_020001.sqlite.gz

Cleaning up backups older than 7 days...

==========================================
Backup Summary
==========================================
  /srv/stack/backups/backup.log: 8.0K
  /srv/stack/backups/docker-compose-backup-20251007-172348: 28K
  /srv/stack/backups/docmost: 36K
  /srv/stack/backups/linkstack: 36K
  /srv/stack/backups/mysql: 7.3M
  /srv/stack/backups/postgres: 1.5M
  /srv/stack/backups/redis: 52K

✓ All backups completed successfully!
Location: /srv/stack/backups
==========================================
